<?xml version="1.0" encoding="UTF-8"?>
<testsuite xmlns:xsi="http://www.w3.org/2001/XMLSchema-instance" xsi:noNamespaceSchemaLocation="https://maven.apache.org/surefire/maven-surefire-plugin/xsd/surefire-test-report-3.0.xsd" version="3.0" name="com.moviecommandservice.MovieCommandServiceApplicationTests" time="7.046" tests="1" errors="0" skipped="0" failures="0">
  <properties>
[...]
</properties>
  <testcase name="contextLoads" classname="com.moviecommandservice.MovieCommandServiceApplicationTests" time="0.578">
    <system-out><![CDATA[20:53:42.494 [main] INFO org.springframework.test.context.support.AnnotationConfigContextLoaderUtils -- Could not detect default configuration classes for test class [com.moviecommandservice.MovieCommandServiceApplicationTests]: MovieCommandServiceApplicationTests does not declare any static, non-private, non-final, nested classes annotated with @Configuration.
20:53:42.631 [main] INFO org.springframework.boot.test.context.SpringBootTestContextBootstrapper -- Found @SpringBootConfiguration com.moviecommandservice.MovieCommandServiceApplication for test class com.moviecommandservice.MovieCommandServiceApplicationTests

  .   ____          _            __ _ _
 /\\ / ___'_ __ _ _(_)_ __  __ _ \ \ \ \
( ( )\___ | '_ | '_| | '_ \/ _` | \ \ \ \
 \\/  ___)| |_)| | | | | || (_| |  ) ) ) )
  '  |____| .__|_| |_|_| |_\__, | / / / /
 =========|_|==============|___/=/_/_/_/
 :: Spring Boot ::                (v3.1.2)

2024-02-19T20:53:43.195+01:00  INFO 21512 --- [           main] c.m.MovieCommandServiceApplicationTests  : Starting MovieCommandServiceApplicationTests using Java 19.0.2 with PID 21512 (started by Admin in C:\Users\Admin\Desktop\MovieApp\MovieApp\MovieApp\movie-command-service)
2024-02-19T20:53:43.197+01:00  INFO 21512 --- [           main] c.m.MovieCommandServiceApplicationTests  : No active profile set, falling back to 1 default profile: "default"
2024-02-19T20:53:44.066+01:00  INFO 21512 --- [           main] .s.d.r.c.RepositoryConfigurationDelegate : Bootstrapping Spring Data JPA repositories in DEFAULT mode.
2024-02-19T20:53:44.207+01:00  INFO 21512 --- [           main] .s.d.r.c.RepositoryConfigurationDelegate : Finished Spring Data repository scanning in 131 ms. Found 1 JPA repository interfaces.
2024-02-19T20:53:44.745+01:00  INFO 21512 --- [           main] o.hibernate.jpa.internal.util.LogHelper  : HHH000204: Processing PersistenceUnitInfo [name: default]
2024-02-19T20:53:44.874+01:00  INFO 21512 --- [           main] org.hibernate.Version                    : HHH000412: Hibernate ORM core version 6.2.6.Final
2024-02-19T20:53:44.878+01:00  INFO 21512 --- [           main] org.hibernate.cfg.Environment            : HHH000406: Using bytecode reflection optimizer
2024-02-19T20:53:45.223+01:00  INFO 21512 --- [           main] o.h.b.i.BytecodeProviderInitiator        : HHH000021: Bytecode provider name : bytebuddy
2024-02-19T20:53:45.446+01:00  INFO 21512 --- [           main] o.s.o.j.p.SpringPersistenceUnitInfo      : No LoadTimeWeaver setup: ignoring JPA class transformer
2024-02-19T20:53:45.467+01:00  INFO 21512 --- [           main] com.zaxxer.hikari.HikariDataSource       : HikariPool-1 - Starting...
2024-02-19T20:53:45.728+01:00  INFO 21512 --- [           main] com.zaxxer.hikari.pool.HikariPool        : HikariPool-1 - Added connection org.postgresql.jdbc.PgConnection@6d35ff7b
2024-02-19T20:53:45.730+01:00  INFO 21512 --- [           main] com.zaxxer.hikari.HikariDataSource       : HikariPool-1 - Start completed.
2024-02-19T20:53:46.121+01:00  INFO 21512 --- [           main] o.h.b.i.BytecodeProviderInitiator        : HHH000021: Bytecode provider name : bytebuddy
2024-02-19T20:53:46.824+01:00  INFO 21512 --- [           main] o.h.e.t.j.p.i.JtaPlatformInitiator       : HHH000490: Using JtaPlatform implementation: [org.hibernate.engine.transaction.jta.platform.internal.NoJtaPlatform]
2024-02-19T20:53:46.922+01:00  INFO 21512 --- [           main] j.LocalContainerEntityManagerFactoryBean : Initialized JPA EntityManagerFactory for persistence unit 'default'
2024-02-19T20:53:47.387+01:00  WARN 21512 --- [           main] JpaBaseConfiguration$JpaWebConfiguration : spring.jpa.open-in-view is enabled by default. Therefore, database queries may be performed during view rendering. Explicitly configure spring.jpa.open-in-view to disable this warning
2024-02-19T20:53:47.769+01:00  INFO 21512 --- [           main] o.s.s.web.DefaultSecurityFilterChain     : Will secure any request with [org.springframework.security.web.session.DisableEncodeUrlFilter@19877453, org.springframework.security.web.context.request.async.WebAsyncManagerIntegrationFilter@49bf5ec8, org.springframework.security.web.context.SecurityContextHolderFilter@2eb0932c, org.springframework.security.web.header.HeaderWriterFilter@44c54463, org.springframework.security.web.authentication.logout.LogoutFilter@3ae91bcc, org.springframework.security.oauth2.server.resource.web.authentication.BearerTokenAuthenticationFilter@4a937d43, org.springframework.security.web.savedrequest.RequestCacheAwareFilter@6c120b00, org.springframework.security.web.servletapi.SecurityContextHolderAwareRequestFilter@d8a2b1b, org.springframework.security.web.authentication.AnonymousAuthenticationFilter@18174bd9, org.springframework.security.web.session.SessionManagementFilter@6939f18a, org.springframework.security.web.access.ExceptionTranslationFilter@1964ef9, org.springframework.security.web.access.intercept.FilterSecurityInterceptor@673e1cf2]
2024-02-19T20:53:48.720+01:00  INFO 21512 --- [           main] c.m.MovieCommandServiceApplicationTests  : Started MovieCommandServiceApplicationTests in 5.891 seconds (process running for 7.422)
]]></system-out>
  </testcase>
</testsuite>